{
  "RSpec": {
    "coverage": {
      "/home/ad/fshome3/u3/k/ktapulkk/Linux/Projects/ratebeer/config/environment.rb": [
        null,
        1,
        null,
        null,
        1
      ],
      "/home/ad/fshome3/u3/k/ktapulkk/Linux/Projects/ratebeer/config/application.rb": [
        1,
        null,
        1,
        null,
        null,
        null,
        1,
        null,
        1,
        1,
        null,
        null,
        null,
        null,
        null,
        null,
        null,
        null,
        null,
        null,
        null,
        null,
        1,
        null,
        null
      ],
      "/home/ad/fshome3/u3/k/ktapulkk/Linux/Projects/ratebeer/config/boot.rb": [
        null,
        1,
        null,
        1
      ],
      "/home/ad/fshome3/u3/k/ktapulkk/Linux/Projects/ratebeer/config/environments/test.rb": [
        1,
        null,
        null,
        null,
        null,
        null,
        null,
        1,
        null,
        null,
        null,
        null,
        1,
        null,
        null,
        1,
        1,
        null,
        null,
        1,
        1,
        null,
        null,
        1,
        null,
        null,
        1,
        null,
        null,
        null,
        null,
        1,
        null,
        null,
        1,
        null
      ],
      "/home/ad/fshome3/u3/k/ktapulkk/Linux/Projects/ratebeer/config/initializers/backtrace_silencers.rb": [
        null,
        null,
        null,
        null,
        null,
        null,
        null
      ],
      "/home/ad/fshome3/u3/k/ktapulkk/Linux/Projects/ratebeer/config/initializers/filter_parameter_logging.rb": [
        null,
        null,
        null,
        1
      ],
      "/home/ad/fshome3/u3/k/ktapulkk/Linux/Projects/ratebeer/config/initializers/inflections.rb": [
        null,
        null,
        null,
        null,
        null,
        null,
        null,
        null,
        null,
        null,
        null,
        null,
        null,
        null,
        null,
        null
      ],
      "/home/ad/fshome3/u3/k/ktapulkk/Linux/Projects/ratebeer/config/initializers/mime_types.rb": [
        null,
        null,
        null,
        null,
        null
      ],
      "/home/ad/fshome3/u3/k/ktapulkk/Linux/Projects/ratebeer/config/initializers/secret_token.rb": [
        null,
        null,
        null,
        null,
        null,
        null,
        null,
        null,
        null,
        null,
        null,
        1
      ],
      "/home/ad/fshome3/u3/k/ktapulkk/Linux/Projects/ratebeer/config/initializers/session_store.rb": [
        null,
        null,
        1
      ],
      "/home/ad/fshome3/u3/k/ktapulkk/Linux/Projects/ratebeer/config/initializers/wrap_parameters.rb": [
        null,
        null,
        null,
        null,
        null,
        null,
        1,
        1,
        null,
        null,
        null,
        null,
        null,
        null
      ],
      "/home/ad/fshome3/u3/k/ktapulkk/Linux/Projects/ratebeer/spec/factories.rb": [
        1,
        1,
        1,
        1,
        1,
        null,
        null,
        1,
        1,
        null,
        null,
        1,
        1,
        null,
        null,
        1,
        1,
        1,
        null,
        null,
        1,
        1,
        1,
        1,
        null,
        null
      ],
      "/home/ad/fshome3/u3/k/ktapulkk/Linux/Projects/ratebeer/app/models/rating.rb": [
        1,
        1,
        1,
        null,
        1,
        null,
        null,
        null,
        1,
        5,
        null,
        null
      ],
      "/home/ad/fshome3/u3/k/ktapulkk/Linux/Projects/ratebeer/config/routes.rb": [
        1,
        1,
        null,
        1,
        null,
        1,
        1,
        1,
        1,
        null,
        1,
        1,
        1,
        1,
        1,
        null,
        1,
        1,
        null,
        null,
        null,
        null,
        null,
        null,
        null,
        null,
        null,
        null,
        null,
        null,
        null,
        null,
        null,
        null,
        null,
        null,
        null,
        null,
        null,
        null,
        null,
        null,
        null,
        null,
        null,
        null,
        null,
        null,
        null,
        null,
        null,
        null,
        null,
        null,
        null,
        null,
        null,
        null,
        null,
        null,
        null,
        null,
        null,
        null,
        null,
        null,
        null,
        null,
        null,
        null,
        null,
        null,
        null,
        null,
        null,
        null,
        null,
        null,
        null
      ],
      "/home/ad/fshome3/u3/k/ktapulkk/Linux/Projects/ratebeer/app/helpers/application_helper.rb": [
        1,
        null
      ],
      "/home/ad/fshome3/u3/k/ktapulkk/Linux/Projects/ratebeer/app/helpers/beer_clubs_helper.rb": [
        1,
        null
      ],
      "/home/ad/fshome3/u3/k/ktapulkk/Linux/Projects/ratebeer/app/helpers/beers_helper.rb": [
        1,
        null
      ],
      "/home/ad/fshome3/u3/k/ktapulkk/Linux/Projects/ratebeer/app/helpers/breweries_helper.rb": [
        1,
        null
      ],
      "/home/ad/fshome3/u3/k/ktapulkk/Linux/Projects/ratebeer/app/helpers/memberships_helper.rb": [
        1,
        null
      ],
      "/home/ad/fshome3/u3/k/ktapulkk/Linux/Projects/ratebeer/app/helpers/users_helper.rb": [
        1,
        null
      ],
      "/home/ad/fshome3/u3/k/ktapulkk/Linux/Projects/ratebeer/spec/support/helpers/own_test_helper.rb": [
        1,
        null,
        1,
        10,
        10,
        10,
        10,
        null,
        null
      ],
      "/home/ad/fshome3/u3/k/ktapulkk/Linux/Projects/ratebeer/spec/features/breweries_page_spec.rb": [
        1,
        null,
        1,
        1,
        1,
        1,
        1,
        null,
        null,
        null,
        1,
        1,
        2,
        2,
        2,
        6,
        null,
        null,
        2,
        null,
        null,
        1,
        1,
        null,
        1,
        3,
        null,
        null,
        null,
        1,
        1,
        null,
        1,
        1,
        null,
        null,
        null
      ],
      "/home/ad/fshome3/u3/k/ktapulkk/Linux/Projects/ratebeer/spec/features/places_spec.rb": [
        1,
        null,
        1,
        null,
        1,
        1,
        1,
        1,
        null,
        1,
        null,
        null,
        1,
        1,
        null,
        null,
        null,
        1,
        1,
        1,
        null,
        1,
        null,
        null,
        1,
        1,
        null,
        null,
        null,
        null,
        1,
        1,
        1,
        null,
        1,
        1,
        null,
        null,
        null
      ],
      "/home/ad/fshome3/u3/k/ktapulkk/Linux/Projects/ratebeer/spec/features/ratings_page_spec.rb": [
        1,
        null,
        1,
        1,
        1,
        1,
        null,
        1,
        1,
        5,
        null,
        null,
        null,
        1,
        1,
        1,
        5,
        null,
        null,
        null
      ],
      "/home/ad/fshome3/u3/k/ktapulkk/Linux/Projects/ratebeer/spec/features/ratings_spec.rb": [
        1,
        1,
        null,
        1,
        2,
        2,
        2,
        2,
        null,
        1,
        1,
        null,
        null,
        1,
        1,
        1,
        1,
        null,
        1,
        1,
        2,
        null,
        1,
        1,
        1,
        null,
        null
      ],
      "/home/ad/fshome3/u3/k/ktapulkk/Linux/Projects/ratebeer/spec/features/users_page_spec.rb": [
        1,
        1,
        null,
        1,
        5,
        null,
        1,
        1,
        null,
        1,
        5,
        null,
        null,
        null,
        1,
        4,
        4,
        4,
        4,
        4,
        4,
        null,
        1,
        3,
        3,
        3,
        3,
        3,
        3,
        3,
        null,
        null,
        1,
        1,
        1,
        null,
        null,
        1,
        1,
        1,
        null,
        null,
        1,
        1,
        1,
        1,
        1,
        1,
        null,
        1,
        null,
        1,
        1,
        1,
        1,
        1,
        1,
        1,
        null,
        null,
        null
      ],
      "/home/ad/fshome3/u3/k/ktapulkk/Linux/Projects/ratebeer/spec/features/users_spec.rb": [
        1,
        1,
        null,
        1,
        1,
        4,
        null,
        null,
        1,
        1,
        1,
        null,
        1,
        1,
        null,
        null,
        1,
        1,
        null,
        1,
        1,
        null,
        null,
        1,
        1,
        1,
        1,
        1,
        null,
        1,
        1,
        2,
        null,
        null,
        null,
        null,
        1,
        1,
        1,
        1,
        null,
        1,
        1,
        1,
        1,
        2,
        null,
        null,
        null
      ],
      "/home/ad/fshome3/u3/k/ktapulkk/Linux/Projects/ratebeer/spec/lib/beermapping_api_spec.rb": [
        1,
        null,
        1,
        null,
        null,
        1,
        1,
        null,
        null,
        null,
        1,
        null,
        1,
        null,
        1,
        null,
        null,
        1,
        1,
        null,
        null,
        null,
        1,
        null,
        1,
        null,
        1,
        1,
        1,
        1,
        null,
        null,
        1,
        1,
        null,
        null,
        null,
        1,
        null,
        1,
        null,
        1,
        1,
        1,
        1,
        1,
        null,
        null
      ],
      "/home/ad/fshome3/u3/k/ktapulkk/Linux/Projects/ratebeer/spec/models/beer_spec.rb": [
        1,
        null,
        1,
        1,
        1,
        null,
        1,
        1,
        null,
        null,
        1,
        1,
        null,
        1,
        1,
        null,
        null,
        1,
        1,
        null,
        1,
        1,
        null,
        null,
        null
      ],
      "/home/ad/fshome3/u3/k/ktapulkk/Linux/Projects/ratebeer/app/models/beer.rb": [
        1,
        1,
        null,
        1,
        1,
        1,
        null,
        1,
        1,
        null,
        1,
        2,
        null,
        null
      ],
      "/home/ad/fshome3/u3/k/ktapulkk/Linux/Projects/ratebeer/lib/rating_average.rb": [
        1,
        1,
        43,
        16,
        null,
        null
      ],
      "/home/ad/fshome3/u3/k/ktapulkk/Linux/Projects/ratebeer/spec/models/brewery_spec.rb": [
        1,
        null,
        1,
        1,
        4,
        2,
        2,
        2,
        null,
        null,
        1,
        1,
        null,
        1,
        null,
        null
      ],
      "/home/ad/fshome3/u3/k/ktapulkk/Linux/Projects/ratebeer/app/models/brewery.rb": [
        1,
        1,
        null,
        1,
        1,
        null,
        1,
        1,
        null,
        1,
        null,
        1,
        51,
        0,
        null,
        null,
        null,
        1,
        0,
        0,
        0,
        0,
        null,
        null,
        1,
        0,
        0,
        null,
        null
      ],
      "/home/ad/fshome3/u3/k/ktapulkk/Linux/Projects/ratebeer/spec/models/user_spec.rb": [
        1,
        null,
        1,
        1,
        1,
        null,
        1,
        null,
        null,
        1,
        1,
        null,
        1,
        1,
        null,
        null,
        null,
        1,
        3,
        null,
        1,
        1,
        1,
        null,
        null,
        1,
        1,
        1,
        null,
        1,
        1,
        null,
        1,
        1,
        null,
        null,
        null,
        null,
        1,
        1,
        null,
        1,
        1,
        null,
        null,
        1,
        1,
        null,
        1,
        1,
        null,
        null,
        null,
        1,
        5,
        null,
        1,
        1,
        null,
        null,
        1,
        1,
        null,
        null,
        1,
        1,
        null,
        1,
        null,
        null,
        1,
        1,
        1,
        1,
        null,
        1,
        null,
        null,
        null,
        null,
        1,
        6,
        null,
        1,
        1,
        null,
        null,
        1,
        1,
        null,
        null,
        1,
        1,
        null,
        1,
        null,
        null,
        1,
        1,
        1,
        1,
        null,
        1,
        null,
        null,
        1,
        1,
        1,
        1,
        null,
        1,
        null,
        null,
        null,
        null,
        1,
        6,
        null,
        1,
        1,
        null,
        null,
        1,
        1,
        null,
        null,
        1,
        1,
        1,
        1,
        null,
        null,
        1,
        1,
        1,
        1,
        null,
        1,
        1,
        1,
        null,
        1,
        null,
        null,
        1,
        1,
        1,
        1,
        null,
        1,
        1,
        1,
        null,
        1,
        null,
        null,
        null,
        null,
        null,
        1,
        13,
        13,
        null,
        null,
        1,
        3,
        9,
        null,
        null,
        null,
        null,
        null,
        1,
        13,
        13,
        13,
        null,
        null,
        1,
        3,
        9,
        null,
        null,
        null,
        null,
        null,
        1,
        4,
        4,
        4,
        null,
        null,
        1,
        0,
        0,
        null,
        null,
        null,
        null,
        null,
        null,
        null,
        null,
        null,
        null,
        null,
        null,
        null,
        null,
        null,
        null,
        null,
        null,
        null,
        null,
        null,
        null,
        null
      ],
      "/home/ad/fshome3/u3/k/ktapulkk/Linux/Projects/ratebeer/app/models/user.rb": [
        1,
        1,
        null,
        1,
        null,
        1,
        1,
        1,
        1,
        null,
        1,
        null,
        null,
        1,
        null,
        1,
        3,
        2,
        null,
        null,
        1,
        19,
        null,
        9,
        37,
        37,
        37,
        null,
        null,
        9,
        null,
        null,
        1,
        17,
        null,
        9,
        37,
        37,
        37,
        null,
        null,
        9,
        null,
        null,
        1,
        1,
        56,
        null,
        null
      ],
      "/home/ad/fshome3/u3/k/ktapulkk/Linux/Projects/ratebeer/spec/zzz_spec.rb": [
        1,
        1,
        1
      ],
      "/home/ad/fshome3/u3/k/ktapulkk/Linux/Projects/ratebeer/app/models/beer_club.rb": [
        1,
        1,
        1,
        null,
        1,
        0,
        null,
        null
      ],
      "/home/ad/fshome3/u3/k/ktapulkk/Linux/Projects/ratebeer/app/controllers/beer_clubs_controller.rb": [
        1,
        1,
        1,
        null,
        null,
        null,
        1,
        0,
        null,
        null,
        null,
        null,
        1,
        0,
        null,
        null,
        null,
        1,
        0,
        null,
        null,
        null,
        1,
        null,
        null,
        null,
        null,
        1,
        0,
        null,
        0,
        0,
        0,
        0,
        null,
        0,
        0,
        null,
        null,
        null,
        null,
        null,
        null,
        1,
        0,
        0,
        0,
        0,
        null,
        0,
        0,
        null,
        null,
        null,
        null,
        null,
        null,
        1,
        0,
        0,
        0,
        0,
        0,
        null,
        null,
        null,
        1,
        null,
        1,
        0,
        null,
        null,
        null,
        1,
        0,
        null,
        null
      ],
      "/home/ad/fshome3/u3/k/ktapulkk/Linux/Projects/ratebeer/app/controllers/application_controller.rb": [
        1,
        null,
        null,
        1,
        null,
        1,
        1,
        null,
        1,
        null,
        98,
        64,
        null,
        null,
        1,
        1,
        1,
        1,
        null,
        null,
        1,
        4,
        null,
        null,
        1,
        0,
        null,
        null
      ],
      "/home/ad/fshome3/u3/k/ktapulkk/Linux/Projects/ratebeer/app/controllers/memberships_controller.rb": [
        1,
        1,
        null,
        null,
        null,
        1,
        0,
        null,
        null,
        null,
        null,
        1,
        null,
        null,
        null,
        1,
        0,
        0,
        null,
        null,
        null,
        1,
        null,
        null,
        null,
        null,
        1,
        0,
        0,
        null,
        0,
        0,
        0,
        0,
        null,
        null,
        0,
        0,
        0,
        null,
        null,
        null,
        null,
        null,
        null,
        1,
        0,
        0,
        0,
        0,
        null,
        0,
        0,
        null,
        null,
        null,
        null,
        null,
        null,
        1,
        0,
        0,
        0,
        0,
        null,
        null,
        null,
        1,
        null,
        1,
        0,
        null,
        null,
        null,
        1,
        0,
        null,
        null
      ],
      "/home/ad/fshome3/u3/k/ktapulkk/Linux/Projects/ratebeer/lib/beermapping_api.rb": [
        1,
        null,
        1,
        4,
        4,
        null,
        null,
        1,
        0,
        null,
        null,
        1,
        0,
        null,
        0,
        0,
        null,
        0,
        null,
        0,
        null,
        null,
        null,
        1,
        null,
        1,
        0,
        null,
        0,
        0,
        null,
        0,
        null,
        0,
        0,
        0,
        null,
        null,
        null,
        1,
        0,
        null,
        null
      ],
      "/home/ad/fshome3/u3/k/ktapulkk/Linux/Projects/ratebeer/app/models/place.rb": [
        1,
        1,
        null,
        1,
        null,
        1,
        5,
        null,
        null
      ],
      "/home/ad/fshome3/u3/k/ktapulkk/Linux/Projects/ratebeer/app/controllers/sessions_controller.rb": [
        1,
        1,
        null,
        null,
        null,
        1,
        10,
        10,
        1,
        null,
        9,
        9,
        null,
        null,
        null,
        1,
        0,
        0,
        null,
        null
      ],
      "/home/ad/fshome3/u3/k/ktapulkk/Linux/Projects/ratebeer/app/controllers/users_controller.rb": [
        1,
        1,
        null,
        null,
        null,
        1,
        0,
        null,
        null,
        null,
        null,
        1,
        14,
        null,
        null,
        null,
        1,
        1,
        null,
        null,
        null,
        1,
        null,
        null,
        null,
        null,
        1,
        1,
        null,
        1,
        1,
        2,
        1,
        null,
        0,
        0,
        null,
        null,
        null,
        null,
        null,
        null,
        1,
        0,
        0,
        0,
        0,
        null,
        0,
        0,
        null,
        null,
        null,
        null,
        null,
        null,
        1,
        0,
        0,
        0,
        0,
        null,
        null,
        null,
        1,
        null,
        1,
        14,
        null,
        null,
        null,
        1,
        1,
        null,
        null
      ],
      "/home/ad/fshome3/u3/k/ktapulkk/Linux/Projects/ratebeer/app/models/membership.rb": [
        1,
        1,
        1,
        null,
        1,
        null
      ],
      "/home/ad/fshome3/u3/k/ktapulkk/Linux/Projects/ratebeer/app/controllers/beers_controller.rb": [
        1,
        1,
        1,
        1,
        null,
        null,
        null,
        1,
        1,
        null,
        null,
        null,
        null,
        1,
        null,
        null,
        null,
        1,
        2,
        null,
        null,
        null,
        1,
        null,
        null,
        null,
        null,
        1,
        2,
        null,
        2,
        2,
        2,
        1,
        null,
        2,
        1,
        null,
        null,
        null,
        null,
        null,
        null,
        1,
        0,
        0,
        0,
        0,
        null,
        0,
        0,
        null,
        null,
        null,
        null,
        null,
        null,
        1,
        0,
        0,
        0,
        0,
        0,
        null,
        null,
        null,
        1,
        null,
        1,
        0,
        null,
        null,
        null,
        1,
        2,
        null,
        null,
        1,
        4,
        4,
        null,
        null
      ],
      "/home/ad/fshome3/u3/k/ktapulkk/Linux/Projects/ratebeer/app/controllers/places_controller.rb": [
        1,
        1,
        null,
        null,
        1,
        0,
        0,
        0,
        null,
        null,
        null,
        1,
        3,
        3,
        1,
        null,
        2,
        null,
        null,
        null
      ],
      "/home/ad/fshome3/u3/k/ktapulkk/Linux/Projects/ratebeer/app/controllers/ratings_controller.rb": [
        1,
        1,
        1,
        null,
        null,
        1,
        1,
        3,
        null,
        null,
        1,
        1,
        null,
        1,
        1,
        1,
        null,
        0,
        0,
        null,
        null,
        null,
        1,
        1,
        1,
        1,
        null,
        null
      ],
      "/home/ad/fshome3/u3/k/ktapulkk/Linux/Projects/ratebeer/app/controllers/breweries_controller.rb": [
        1,
        1,
        1,
        null,
        null,
        null,
        1,
        3,
        null,
        null,
        null,
        null,
        1,
        null,
        null,
        null,
        1,
        0,
        null,
        null,
        null,
        1,
        null,
        null,
        null,
        null,
        1,
        0,
        null,
        0,
        0,
        0,
        0,
        null,
        0,
        0,
        null,
        null,
        null,
        null,
        null,
        null,
        1,
        0,
        0,
        0,
        0,
        null,
        0,
        0,
        null,
        null,
        null,
        null,
        null,
        null,
        1,
        0,
        0,
        0,
        0,
        0,
        null,
        null,
        null,
        1,
        null,
        1,
        1,
        null,
        null,
        null,
        1,
        0,
        null,
        null
      ]
    },
    "timestamp": 1392035945
  }
}
